[2024-10-07 10:57:50] INFO: [Valid Order IDs]:
[2024-10-07 10:57:50] INFO: [Starting sync for Order ID: 66c5f91c83400668a74b54b6]
[2024-10-07 10:57:51] INFO: [Starting sync for Order ID: 66c5f80fc78c9336766bf5b1]
[2024-10-07 10:57:51] INFO: [Starting sync for Order ID: 66c4a2d5a87ec6c9fa9c9995]
[2024-10-07 10:57:52] INFO: [Starting sync for Order ID: 66c49cf328a465095d268ccf]
[2024-10-07 10:57:53] INFO: [Starting sync for Order ID: 66c357926a7436574d78770c]
[2024-10-07 10:57:54] INFO: [Starting sync for Order ID: 66c3571f07d5f69433411b32]
[2024-10-07 10:57:54] INFO: [Starting sync for Order ID: 66c356325478d22b7d2bc98e]
[2024-10-07 10:57:55] INFO: [Starting sync for Order ID: 66c355de22172d7370e20023]
[2024-10-07 10:57:56] INFO: [Starting sync for Order ID: 66bc1cc95c8003630adc039d]
[2024-10-07 10:57:56] INFO: [Starting sync for Order ID: 66bc1c7b32bc9243f28777fa]
[2024-10-07 10:57:57] INFO: [Starting sync for Order ID: 66bc1c32b685d51906b6791a]
[2024-10-07 10:57:57] INFO: [Starting sync for Order ID: 66bc1bf832bc9261bc8777ed]
[2024-10-07 10:57:58] INFO: [Starting sync for Order ID: 66bc1b5e32bc923f6e8777c9]
[2024-10-07 10:57:59] INFO: [Starting sync for Order ID: 66bc1b176fa090696b4d3cb5]
[2024-10-07 10:57:59] INFO: [Starting sync for Order ID: 66bc1ac09b0606665688a4f0]
[2024-10-07 10:58:00] INFO: [Starting sync for Order ID: 66bc1a67bce5d33e1ec05d6d]
[2024-10-07 10:58:00] INFO: [Starting sync for Order ID: 66bc19f0c5672877dcec6511]
[2024-10-07 10:58:01] INFO: [Starting sync for Order ID: 66bc19a19b06065ff088a4cf]
[2024-10-07 10:58:02] INFO: [Ticket type: Regular, Existing: 2, Required: 2, Missing: 0]
[2024-10-07 10:58:02] INFO: [No missing tickets for Regular]
[2024-10-07 10:58:02] INFO: [Ticket type: VIP, Existing: 1, Required: 1, Missing: 0]
[2024-10-07 10:58:02] INFO: [No missing tickets for VIP]
[2024-10-07 10:58:02] INFO: [Ticket type: Regular, Existing: 2, Required: 2, Missing: 0]
[2024-10-07 10:58:02] INFO: [No missing tickets for Regular]
[2024-10-07 10:58:03] INFO: [Ticket type: VIP, Existing: 1, Required: 1, Missing: 0]
[2024-10-07 10:58:03] INFO: [No missing tickets for VIP]
[2024-10-07 10:58:03] INFO: [Ticket type: Team Tickets, Existing: 2, Required: 2, Missing: 0]
[2024-10-07 10:58:03] INFO: [No missing tickets for Team Tickets]
[2024-10-07 10:58:03] INFO: [Ticket type: VIP, Existing: 1, Required: 1, Missing: 0]
[2024-10-07 10:58:03] INFO: [No missing tickets for VIP]
[2024-10-07 10:58:04] INFO: [Ticket type: Team Tickets, Existing: 2, Required: 3, Missing: 1]
[2024-10-07 10:58:04] INFO: [Inserted 1 missing Team Tickets tickets for order 66c49cf328a465095d268ccf]
[2024-10-07 10:58:04] INFO: [Ticket type: VIP, Existing: 1, Required: 2, Missing: 1]
[2024-10-07 10:58:05] INFO: [Inserted 1 missing VIP tickets for order 66c49cf328a465095d268ccf]
[2024-10-07 10:58:05] INFO: [Ticket type: Team Tickets, Existing: 2, Required: 3, Missing: 1]
[2024-10-07 10:58:05] INFO: [Inserted 1 missing Team Tickets tickets for order 66c357926a7436574d78770c]
[2024-10-07 10:58:05] INFO: [Ticket type: VIP, Existing: 1, Required: 3, Missing: 2]
[2024-10-07 10:58:06] INFO: [Inserted 2 missing VIP tickets for order 66c357926a7436574d78770c]
[2024-10-07 10:58:06] INFO: [Ticket type: Regular, Existing: 1, Required: 1, Missing: 0]
[2024-10-07 10:58:06] INFO: [No missing tickets for Regular]
[2024-10-07 10:58:06] INFO: [Ticket type: VIP, Existing: 2, Required: 2, Missing: 0]
[2024-10-07 10:58:06] INFO: [No missing tickets for VIP]
[2024-10-07 10:58:07] INFO: [Ticket type: Regular, Existing: 1, Required: 1, Missing: 0]
[2024-10-07 10:58:07] INFO: [No missing tickets for Regular]
[2024-10-07 10:58:07] INFO: [Ticket type: VIP, Existing: 1, Required: 1, Missing: 0]
[2024-10-07 10:58:07] INFO: [No missing tickets for VIP]
[2024-10-07 10:58:07] INFO: [Ticket type: Regular, Existing: 1, Required: 4, Missing: 3]
[2024-10-07 10:58:08] INFO: [Inserted 3 missing Regular tickets for order 66c355de22172d7370e20023]
[2024-10-07 10:58:08] INFO: [Ticket type: VIP, Existing: 2, Required: 2, Missing: 0]
[2024-10-07 10:58:08] INFO: [No missing tickets for VIP]
[2024-10-07 10:58:08] INFO: [Ticket type: VIP, Existing: 3, Required: 6, Missing: 3]
[2024-10-07 10:58:08] INFO: [Inserted 3 missing VIP tickets for order 66bc1cc95c8003630adc039d]
[2024-10-07 10:58:09] INFO: [Ticket type: Team Tickets, Existing: 1, Required: 1, Missing: 0]
[2024-10-07 10:58:09] INFO: [No missing tickets for Team Tickets]
[2024-10-07 10:58:09] INFO: [Ticket type: Regular, Existing: 4, Required: 4, Missing: 0]
[2024-10-07 10:58:09] INFO: [No missing tickets for Regular]
[2024-10-07 10:58:09] INFO: [Ticket type: VIP, Existing: 1, Required: 1, Missing: 0]
[2024-10-07 10:58:09] INFO: [No missing tickets for VIP]
[2024-10-07 10:58:10] INFO: [Ticket type: Team Tickets, Existing: 5, Required: 5, Missing: 0]
[2024-10-07 10:58:10] INFO: [No missing tickets for Team Tickets]
[2024-10-07 10:58:10] INFO: [Ticket type: Regular, Existing: 5, Required: 5, Missing: 0]
[2024-10-07 10:58:10] INFO: [No missing tickets for Regular]
[2024-10-07 10:58:10] INFO: [Ticket type: VIP, Existing: 2, Required: 2, Missing: 0]
[2024-10-07 10:58:10] INFO: [No missing tickets for VIP]
[2024-10-07 10:58:11] INFO: [Ticket type: VIP, Existing: 5, Required: 9, Missing: 4]
[2024-10-07 10:58:11] INFO: [Inserted 4 missing VIP tickets for order 66bc1a67bce5d33e1ec05d6d]
[2024-10-07 10:58:11] INFO: [Ticket type: Regular, Existing: 2, Required: 2, Missing: 0]
[2024-10-07 10:58:11] INFO: [No missing tickets for Regular]
[2024-10-07 10:58:11] INFO: [Ticket type: VIP, Existing: 1, Required: 1, Missing: 0]
[2024-10-07 10:58:11] INFO: [No missing tickets for VIP]
[2024-10-07 10:58:12] INFO: [Ticket type: Regular, Existing: 1, Required: 1, Missing: 0]
[2024-10-07 10:58:12] INFO: [No missing tickets for Regular]
[2024-10-07 10:58:12] INFO: [Ticket type: VIP, Existing: 2, Required: 2, Missing: 0]
[2024-10-07 10:58:12] INFO: [No missing tickets for VIP]
[2024-10-07 10:58:12] INFO: 
      =============================================
      SYNC PROCESS SUCCESSFUL!
      TOTAL ORDERS SYNCED: 18
      TOTAL TICKETS ADDED: 15
      TOTAL TIME TAKEN: 0 min 22 sec
      =============================================
    
