[2024-10-03 14:24:53] INFO: [Valid Order IDs]:
[2024-10-03 14:24:53] INFO: [Starting sync for Order ID: 66c5f91c83400668a74b54b6]
[2024-10-03 14:24:54] INFO: [Starting sync for Order ID: 66c5f80fc78c9336766bf5b1]
[2024-10-03 14:24:55] INFO: [Starting sync for Order ID: 66c4a2d5a87ec6c9fa9c9995]
[2024-10-03 14:24:55] INFO: [Starting sync for Order ID: 66c49cf328a465095d268ccf]
[2024-10-03 14:24:56] INFO: [Starting sync for Order ID: 66c357926a7436574d78770c]
[2024-10-03 14:24:57] INFO: [Starting sync for Order ID: 66c3571f07d5f69433411b32]
[2024-10-03 14:24:57] INFO: [Starting sync for Order ID: 66c356325478d22b7d2bc98e]
[2024-10-03 14:24:58] INFO: [Starting sync for Order ID: 66c355de22172d7370e20023]
[2024-10-03 14:24:58] INFO: [Starting sync for Order ID: 66bc1cc95c8003630adc039d]
[2024-10-03 14:24:59] INFO: [Starting sync for Order ID: 66bc1c7b32bc9243f28777fa]
[2024-10-03 14:24:59] INFO: [Starting sync for Order ID: 66bc1c32b685d51906b6791a]
[2024-10-03 14:25:00] INFO: [Starting sync for Order ID: 66bc1bf832bc9261bc8777ed]
[2024-10-03 14:25:01] INFO: [Starting sync for Order ID: 66bc1b5e32bc923f6e8777c9]
[2024-10-03 14:25:01] INFO: [Starting sync for Order ID: 66bc1b176fa090696b4d3cb5]
[2024-10-03 14:25:02] INFO: [Starting sync for Order ID: 66bc1ac09b0606665688a4f0]
[2024-10-03 14:25:02] INFO: [Starting sync for Order ID: 66bc1a67bce5d33e1ec05d6d]
[2024-10-03 14:25:03] INFO: [Starting sync for Order ID: 66bc19f0c5672877dcec6511]
[2024-10-03 14:25:04] INFO: [Starting sync for Order ID: 66bc19a19b06065ff088a4cf]
[2024-10-03 14:25:04] INFO: [Inserting missing Regular ticket for order 66c5f91c83400668a74b54b6]
[2024-10-03 14:25:12] INFO: [Inserting missing Regular ticket for order 66bc19a19b06065ff088a4cf]
[2024-10-03 14:25:13] INFO: [Inserting missing VIP ticket for order 66bc19a19b06065ff088a4cf]
[2024-10-03 14:25:13] INFO: [Inserting missing VIP ticket for order 66bc19a19b06065ff088a4cf]
[2024-10-03 14:25:13] INFO: 
      =============================================
      SYNC PROCESS SUCCESSFUL!
      TOTAL ORDERS SYNCED: 18
      TOTAL TICKETS ADDED: 4
      TOTAL TIME TAKEN: 0 min 20 sec
      =============================================
    
