[2024-10-07 13:14:38] INFO: [Valid Order IDs]:
[2024-10-07 13:14:38] INFO: [Starting sync for Order ID: 66c5f91c83400668a74b54b6]
[2024-10-07 13:14:39] INFO: [Starting sync for Order ID: 66c5f80fc78c9336766bf5b1]
[2024-10-07 13:14:40] INFO: [Starting sync for Order ID: 66c4a2d5a87ec6c9fa9c9995]
[2024-10-07 13:14:41] INFO: [Starting sync for Order ID: 66c49cf328a465095d268ccf]
[2024-10-07 13:14:42] INFO: [Starting sync for Order ID: 66c357926a7436574d78770c]
[2024-10-07 13:14:42] INFO: [Starting sync for Order ID: 66c3571f07d5f69433411b32]
[2024-10-07 13:14:43] INFO: [Starting sync for Order ID: 66c356325478d22b7d2bc98e]
[2024-10-07 13:14:44] INFO: [Starting sync for Order ID: 66c355de22172d7370e20023]
[2024-10-07 13:14:44] INFO: [Starting sync for Order ID: 66bc1cc95c8003630adc039d]
[2024-10-07 13:14:45] INFO: [Starting sync for Order ID: 66bc1c7b32bc9243f28777fa]
[2024-10-07 13:14:45] INFO: [Starting sync for Order ID: 66bc1c32b685d51906b6791a]
[2024-10-07 13:14:46] INFO: [Starting sync for Order ID: 66bc1bf832bc9261bc8777ed]
[2024-10-07 13:14:46] INFO: [Starting sync for Order ID: 66bc1b5e32bc923f6e8777c9]
[2024-10-07 13:14:47] INFO: [Starting sync for Order ID: 66bc1b176fa090696b4d3cb5]
[2024-10-07 13:14:48] INFO: [Starting sync for Order ID: 66bc1ac09b0606665688a4f0]
[2024-10-07 13:14:49] INFO: [Starting sync for Order ID: 66bc1a67bce5d33e1ec05d6d]
[2024-10-07 13:14:49] INFO: [Starting sync for Order ID: 66bc19f0c5672877dcec6511]
[2024-10-07 13:14:50] INFO: [Starting sync for Order ID: 66bc19a19b06065ff088a4cf]
[2024-10-07 13:14:51] INFO: Broadcasted initial sync status:
[2024-10-07 13:14:51] INFO: [Ticket type: Regular, Existing: 2, Required: 2, Missing: 0]
[2024-10-07 13:14:51] INFO: [No missing tickets for Regular]
[2024-10-07 13:14:51] INFO: [Ticket type: VIP, Existing: 1, Required: 1, Missing: 0]
[2024-10-07 13:14:51] INFO: [No missing tickets for VIP]
[2024-10-07 13:14:52] INFO: Broadcasted sync progress:
[2024-10-07 13:14:52] INFO: [Ticket type: Regular, Existing: 2, Required: 2, Missing: 0]
[2024-10-07 13:14:52] INFO: [No missing tickets for Regular]
[2024-10-07 13:14:52] INFO: [Ticket type: VIP, Existing: 1, Required: 1, Missing: 0]
[2024-10-07 13:14:52] INFO: [No missing tickets for VIP]
[2024-10-07 13:14:52] INFO: Broadcasted sync progress:
[2024-10-07 13:14:52] INFO: [Ticket type: Team Tickets, Existing: 2, Required: 2, Missing: 0]
[2024-10-07 13:14:52] INFO: [No missing tickets for Team Tickets]
[2024-10-07 13:14:53] INFO: [Ticket type: VIP, Existing: 1, Required: 1, Missing: 0]
[2024-10-07 13:14:53] INFO: [No missing tickets for VIP]
[2024-10-07 13:14:53] INFO: Broadcasted sync progress:
[2024-10-07 13:14:53] INFO: [Ticket type: Team Tickets, Existing: 3, Required: 3, Missing: 0]
[2024-10-07 13:14:53] INFO: [No missing tickets for Team Tickets]
[2024-10-07 13:14:53] INFO: [Ticket type: VIP, Existing: 2, Required: 2, Missing: 0]
[2024-10-07 13:14:53] INFO: [No missing tickets for VIP]
[2024-10-07 13:14:53] INFO: Broadcasted sync progress:
[2024-10-07 13:14:54] INFO: [Ticket type: Team Tickets, Existing: 3, Required: 3, Missing: 0]
[2024-10-07 13:14:54] INFO: [No missing tickets for Team Tickets]
[2024-10-07 13:14:54] INFO: [Ticket type: VIP, Existing: 3, Required: 3, Missing: 0]
[2024-10-07 13:14:54] INFO: [No missing tickets for VIP]
[2024-10-07 13:14:54] INFO: Broadcasted sync progress:
[2024-10-07 13:14:54] INFO: [Ticket type: Regular, Existing: 1, Required: 1, Missing: 0]
[2024-10-07 13:14:54] INFO: [No missing tickets for Regular]
[2024-10-07 13:14:55] INFO: [Ticket type: VIP, Existing: 2, Required: 2, Missing: 0]
[2024-10-07 13:14:55] INFO: [No missing tickets for VIP]
[2024-10-07 13:14:55] INFO: Broadcasted sync progress:
[2024-10-07 13:14:55] INFO: [Ticket type: Regular, Existing: 1, Required: 1, Missing: 0]
[2024-10-07 13:14:55] INFO: [No missing tickets for Regular]
[2024-10-07 13:14:55] INFO: [Ticket type: VIP, Existing: 1, Required: 1, Missing: 0]
[2024-10-07 13:14:55] INFO: [No missing tickets for VIP]
[2024-10-07 13:14:55] INFO: Broadcasted sync progress:
[2024-10-07 13:14:56] INFO: [Ticket type: Regular, Existing: 4, Required: 4, Missing: 0]
[2024-10-07 13:14:56] INFO: [No missing tickets for Regular]
[2024-10-07 13:14:56] INFO: [Ticket type: VIP, Existing: 2, Required: 2, Missing: 0]
[2024-10-07 13:14:56] INFO: [No missing tickets for VIP]
[2024-10-07 13:14:56] INFO: Broadcasted sync progress:
[2024-10-07 13:14:56] INFO: [Ticket type: VIP, Existing: 6, Required: 6, Missing: 0]
[2024-10-07 13:14:56] INFO: [No missing tickets for VIP]
[2024-10-07 13:14:56] INFO: Broadcasted sync progress:
[2024-10-07 13:14:57] INFO: [Ticket type: Team Tickets, Existing: 1, Required: 1, Missing: 0]
[2024-10-07 13:14:57] INFO: [No missing tickets for Team Tickets]
[2024-10-07 13:14:57] INFO: Broadcasted sync progress:
[2024-10-07 13:14:57] INFO: [Ticket type: Regular, Existing: 4, Required: 4, Missing: 0]
[2024-10-07 13:14:57] INFO: [No missing tickets for Regular]
[2024-10-07 13:14:57] INFO: Broadcasted sync progress:
[2024-10-07 13:14:57] INFO: [Ticket type: VIP, Existing: 1, Required: 1, Missing: 0]
[2024-10-07 13:14:57] INFO: [No missing tickets for VIP]
[2024-10-07 13:14:57] INFO: Broadcasted sync progress:
[2024-10-07 13:14:57] INFO: [Ticket type: Team Tickets, Existing: 5, Required: 5, Missing: 0]
[2024-10-07 13:14:58] INFO: [No missing tickets for Team Tickets]
[2024-10-07 13:14:58] INFO: Broadcasted sync progress:
[2024-10-07 13:14:58] INFO: [Ticket type: Regular, Existing: 5, Required: 5, Missing: 0]
[2024-10-07 13:14:58] INFO: [No missing tickets for Regular]
[2024-10-07 13:14:58] INFO: Broadcasted sync progress:
[2024-10-07 13:14:58] INFO: [Ticket type: VIP, Existing: 2, Required: 2, Missing: 0]
[2024-10-07 13:14:58] INFO: [No missing tickets for VIP]
[2024-10-07 13:14:58] INFO: Broadcasted sync progress:
[2024-10-07 13:14:58] INFO: [Ticket type: VIP, Existing: 9, Required: 9, Missing: 0]
[2024-10-07 13:14:58] INFO: [No missing tickets for VIP]
[2024-10-07 13:14:58] INFO: Broadcasted sync progress:
[2024-10-07 13:14:59] INFO: [Ticket type: Regular, Existing: 2, Required: 2, Missing: 0]
[2024-10-07 13:14:59] INFO: [No missing tickets for Regular]
[2024-10-07 13:14:59] INFO: [Ticket type: VIP, Existing: 1, Required: 1, Missing: 0]
[2024-10-07 13:14:59] INFO: [No missing tickets for VIP]
[2024-10-07 13:14:59] INFO: Broadcasted sync progress:
[2024-10-07 13:14:59] INFO: [Ticket type: Regular, Existing: 1, Required: 1, Missing: 0]
[2024-10-07 13:14:59] INFO: [No missing tickets for Regular]
[2024-10-07 13:15:00] INFO: [Ticket type: VIP, Existing: 2, Required: 2, Missing: 0]
[2024-10-07 13:15:00] INFO: [No missing tickets for VIP]
[2024-10-07 13:15:00] INFO: Broadcasted sync progress:
[2024-10-07 13:15:00] INFO: 
      =============================================
      SYNC PROCESS SUCCESSFUL!
      TOTAL ORDERS SYNCED: 18
      TOTAL TICKETS ADDED: 0
      TOTAL TIME TAKEN: 0 min 21 sec
      =============================================
    
