[2024-09-19 12:21:48] INFO: [Valid Order IDs]:
[2024-09-19 12:21:48] INFO: [Starting sync for Order ID: 66c5f91c83400668a74b54b6]
[2024-09-19 12:21:48] INFO: [Order details for 66c5f91c83400668a74b54b6:
[2024-09-19 12:21:48] INFO: [Ticket type: Regular, Quantity: 2]
[2024-09-19 12:21:48] INFO: [Ticket type: VIP, Quantity: 1]
[2024-09-19 12:21:48] INFO: [Final Ticket Quantities for Order 66c5f91c83400668a74b54b6:
[2024-09-19 12:21:49] INFO: [Order 66c5f91c83400668a74b54b6 upserted.]
[2024-09-19 12:21:50] INFO: [Sync for order 66c5f91c83400668a74b54b6 complete.]
[2024-09-19 12:21:50] INFO: [Starting sync for Order ID: 66c5f80fc78c9336766bf5b1]
[2024-09-19 12:21:50] INFO: [Order details for 66c5f80fc78c9336766bf5b1:
[2024-09-19 12:21:50] INFO: [Ticket type: Regular, Quantity: 2]
[2024-09-19 12:21:50] INFO: [Ticket type: VIP, Quantity: 1]
[2024-09-19 12:21:50] INFO: [Final Ticket Quantities for Order 66c5f80fc78c9336766bf5b1:
[2024-09-19 12:21:51] INFO: [Order 66c5f80fc78c9336766bf5b1 upserted.]
[2024-09-19 12:21:52] INFO: [Sync for order 66c5f80fc78c9336766bf5b1 complete.]
[2024-09-19 12:21:52] INFO: [Starting sync for Order ID: 66c4a2d5a87ec6c9fa9c9995]
[2024-09-19 12:21:52] INFO: [Order details for 66c4a2d5a87ec6c9fa9c9995:
[2024-09-19 12:21:52] INFO: [Ticket type: Team Tickets, Quantity: 2]
[2024-09-19 12:21:52] INFO: [Ticket type: VIP, Quantity: 1]
[2024-09-19 12:21:52] INFO: [Final Ticket Quantities for Order 66c4a2d5a87ec6c9fa9c9995:
[2024-09-19 12:21:52] INFO: [Order 66c4a2d5a87ec6c9fa9c9995 upserted.]
[2024-09-19 12:21:53] INFO: [Sync for order 66c4a2d5a87ec6c9fa9c9995 complete.]
[2024-09-19 12:21:53] INFO: [Starting sync for Order ID: 66c49cf328a465095d268ccf]
[2024-09-19 12:21:54] INFO: [Order details for 66c49cf328a465095d268ccf:
[2024-09-19 12:21:54] INFO: [Ticket type: Team Tickets, Quantity: 3]
[2024-09-19 12:21:54] INFO: [Ticket type: VIP, Quantity: 2]
[2024-09-19 12:21:54] INFO: [Final Ticket Quantities for Order 66c49cf328a465095d268ccf:
[2024-09-19 12:21:54] INFO: [Order 66c49cf328a465095d268ccf upserted.]
[2024-09-19 12:21:55] INFO: [Sync for order 66c49cf328a465095d268ccf complete.]
[2024-09-19 12:21:55] INFO: [Starting sync for Order ID: 66c357926a7436574d78770c]
[2024-09-19 12:21:55] INFO: [Order details for 66c357926a7436574d78770c:
[2024-09-19 12:21:55] INFO: [Ticket type: Team Tickets, Quantity: 3]
[2024-09-19 12:21:55] INFO: [Ticket type: VIP, Quantity: 3]
[2024-09-19 12:21:55] INFO: [Final Ticket Quantities for Order 66c357926a7436574d78770c:
[2024-09-19 12:21:56] INFO: [Order 66c357926a7436574d78770c upserted.]
[2024-09-19 12:21:56] INFO: [Sync for order 66c357926a7436574d78770c complete.]
[2024-09-19 12:21:56] INFO: [Starting sync for Order ID: 66c3571f07d5f69433411b32]
[2024-09-19 12:21:57] INFO: [Order details for 66c3571f07d5f69433411b32:
[2024-09-19 12:21:57] INFO: [Ticket type: Regular, Quantity: 1]
[2024-09-19 12:21:57] INFO: [Ticket type: VIP, Quantity: 2]
[2024-09-19 12:21:57] INFO: [Final Ticket Quantities for Order 66c3571f07d5f69433411b32:
[2024-09-19 12:21:58] INFO: [Order 66c3571f07d5f69433411b32 upserted.]
[2024-09-19 12:21:59] INFO: [Sync for order 66c3571f07d5f69433411b32 complete.]
[2024-09-19 12:21:59] INFO: [Starting sync for Order ID: 66c356325478d22b7d2bc98e]
[2024-09-19 12:21:59] INFO: [Order details for 66c356325478d22b7d2bc98e:
[2024-09-19 12:21:59] INFO: [Ticket type: Regular, Quantity: 1]
[2024-09-19 12:21:59] INFO: [Ticket type: VIP, Quantity: 1]
[2024-09-19 12:21:59] INFO: [Final Ticket Quantities for Order 66c356325478d22b7d2bc98e:
[2024-09-19 12:22:00] INFO: [Order 66c356325478d22b7d2bc98e upserted.]
[2024-09-19 12:22:01] INFO: [Sync for order 66c356325478d22b7d2bc98e complete.]
[2024-09-19 12:22:01] INFO: [Starting sync for Order ID: 66c355de22172d7370e20023]
[2024-09-19 12:22:01] INFO: [Order details for 66c355de22172d7370e20023:
[2024-09-19 12:22:01] INFO: [Ticket type: Regular, Quantity: 4]
[2024-09-19 12:22:01] INFO: [Ticket type: VIP, Quantity: 2]
[2024-09-19 12:22:01] INFO: [Final Ticket Quantities for Order 66c355de22172d7370e20023:
[2024-09-19 12:22:02] INFO: [Order 66c355de22172d7370e20023 upserted.]
[2024-09-19 12:22:04] INFO: [Sync for order 66c355de22172d7370e20023 complete.]
[2024-09-19 12:22:04] INFO: [Starting sync for Order ID: 66bc1cc95c8003630adc039d]
[2024-09-19 12:22:04] INFO: [Order details for 66bc1cc95c8003630adc039d:
[2024-09-19 12:22:04] INFO: [Ticket type: VIP, Quantity: 6]
[2024-09-19 12:22:04] INFO: [Final Ticket Quantities for Order 66bc1cc95c8003630adc039d:
[2024-09-19 12:22:07] INFO: [Order 66bc1cc95c8003630adc039d upserted.]
[2024-09-19 12:22:08] INFO: [Sync for order 66bc1cc95c8003630adc039d complete.]
[2024-09-19 12:22:08] INFO: [Starting sync for Order ID: 66bc1c7b32bc9243f28777fa]
[2024-09-19 12:22:08] INFO: [Order details for 66bc1c7b32bc9243f28777fa:
[2024-09-19 12:22:08] INFO: [Ticket type: Team Tickets, Quantity: 1]
[2024-09-19 12:22:08] INFO: [Final Ticket Quantities for Order 66bc1c7b32bc9243f28777fa:
[2024-09-19 12:22:10] INFO: [Order 66bc1c7b32bc9243f28777fa upserted.]
[2024-09-19 12:22:10] INFO: [Sync for order 66bc1c7b32bc9243f28777fa complete.]
[2024-09-19 12:22:10] INFO: [Starting sync for Order ID: 66bc1c32b685d51906b6791a]
[2024-09-19 12:22:10] INFO: [Order details for 66bc1c32b685d51906b6791a:
[2024-09-19 12:22:10] INFO: [Ticket type: Regular, Quantity: 4]
[2024-09-19 12:22:10] INFO: [Final Ticket Quantities for Order 66bc1c32b685d51906b6791a:
[2024-09-19 12:22:12] INFO: [Order 66bc1c32b685d51906b6791a upserted.]
[2024-09-19 12:22:13] INFO: [Sync for order 66bc1c32b685d51906b6791a complete.]
[2024-09-19 12:22:13] INFO: [Starting sync for Order ID: 66bc1bf832bc9261bc8777ed]
[2024-09-19 12:22:13] INFO: [Order details for 66bc1bf832bc9261bc8777ed:
[2024-09-19 12:22:13] INFO: [Ticket type: VIP, Quantity: 1]
[2024-09-19 12:22:13] INFO: [Final Ticket Quantities for Order 66bc1bf832bc9261bc8777ed:
[2024-09-19 12:22:17] INFO: [Order 66bc1bf832bc9261bc8777ed upserted.]
[2024-09-19 12:22:17] INFO: [Sync for order 66bc1bf832bc9261bc8777ed complete.]
[2024-09-19 12:22:17] INFO: [Starting sync for Order ID: 66bc1b5e32bc923f6e8777c9]
[2024-09-19 12:22:17] INFO: [Order details for 66bc1b5e32bc923f6e8777c9:
[2024-09-19 12:22:17] INFO: [Ticket type: Team Tickets, Quantity: 5]
[2024-09-19 12:22:17] INFO: [Final Ticket Quantities for Order 66bc1b5e32bc923f6e8777c9:
[2024-09-19 12:22:18] INFO: [Order 66bc1b5e32bc923f6e8777c9 upserted.]
[2024-09-19 12:22:18] INFO: [Sync for order 66bc1b5e32bc923f6e8777c9 complete.]
[2024-09-19 12:22:18] INFO: [Starting sync for Order ID: 66bc1b176fa090696b4d3cb5]
[2024-09-19 12:22:18] INFO: [Order details for 66bc1b176fa090696b4d3cb5:
[2024-09-19 12:22:18] INFO: [Ticket type: Regular, Quantity: 5]
[2024-09-19 12:22:18] INFO: [Final Ticket Quantities for Order 66bc1b176fa090696b4d3cb5:
[2024-09-19 12:22:19] INFO: [Order 66bc1b176fa090696b4d3cb5 upserted.]
[2024-09-19 12:22:19] INFO: [Sync for order 66bc1b176fa090696b4d3cb5 complete.]
[2024-09-19 12:22:19] INFO: [Starting sync for Order ID: 66bc1ac09b0606665688a4f0]
[2024-09-19 12:22:20] INFO: [Order details for 66bc1ac09b0606665688a4f0:
[2024-09-19 12:22:20] INFO: [Ticket type: VIP, Quantity: 2]
[2024-09-19 12:22:20] INFO: [Final Ticket Quantities for Order 66bc1ac09b0606665688a4f0:
[2024-09-19 12:22:20] INFO: [Order 66bc1ac09b0606665688a4f0 upserted.]
[2024-09-19 12:22:21] INFO: [Sync for order 66bc1ac09b0606665688a4f0 complete.]
[2024-09-19 12:22:21] INFO: [Starting sync for Order ID: 66bc1a67bce5d33e1ec05d6d]
[2024-09-19 12:22:21] ERROR: [Error during sync: Error fetching order details: Unauthorized]
