[2024-10-07 14:09:04] INFO: Broadcasted initial sync status:
[2024-10-07 14:09:04] INFO: [Valid Order IDs]:
[2024-10-07 14:09:04] INFO: [Starting sync for Order ID: 66c5f91c83400668a74b54b6]
[2024-10-07 14:09:05] INFO: Broadcasted sync progress (Orders):
[2024-10-07 14:09:05] INFO: [Starting sync for Order ID: 66c5f80fc78c9336766bf5b1]
[2024-10-07 14:09:06] INFO: Broadcasted sync progress (Orders):
[2024-10-07 14:09:06] INFO: [Starting sync for Order ID: 66c4a2d5a87ec6c9fa9c9995]
[2024-10-07 14:09:07] INFO: Broadcasted sync progress (Orders):
[2024-10-07 14:09:07] INFO: [Starting sync for Order ID: 66c49cf328a465095d268ccf]
[2024-10-07 14:09:07] INFO: Broadcasted sync progress (Orders):
[2024-10-07 14:09:07] INFO: [Starting sync for Order ID: 66c357926a7436574d78770c]
[2024-10-07 14:09:08] INFO: Broadcasted sync progress (Orders):
[2024-10-07 14:09:08] INFO: [Starting sync for Order ID: 66c3571f07d5f69433411b32]
[2024-10-07 14:09:08] INFO: Broadcasted sync progress (Orders):
[2024-10-07 14:09:08] INFO: [Starting sync for Order ID: 66c356325478d22b7d2bc98e]
[2024-10-07 14:09:09] INFO: Broadcasted sync progress (Orders):
[2024-10-07 14:09:09] INFO: [Starting sync for Order ID: 66c355de22172d7370e20023]
[2024-10-07 14:09:10] INFO: Broadcasted sync progress (Orders):
[2024-10-07 14:09:10] INFO: [Starting sync for Order ID: 66bc1cc95c8003630adc039d]
[2024-10-07 14:09:10] INFO: Broadcasted sync progress (Orders):
[2024-10-07 14:09:10] INFO: [Starting sync for Order ID: 66bc1c7b32bc9243f28777fa]
[2024-10-07 14:09:11] INFO: Broadcasted sync progress (Orders):
[2024-10-07 14:09:11] INFO: [Starting sync for Order ID: 66bc1c32b685d51906b6791a]
[2024-10-07 14:09:12] INFO: Broadcasted sync progress (Orders):
[2024-10-07 14:09:12] INFO: [Starting sync for Order ID: 66bc1bf832bc9261bc8777ed]
[2024-10-07 14:09:12] INFO: Broadcasted sync progress (Orders):
[2024-10-07 14:09:12] INFO: [Starting sync for Order ID: 66bc1b5e32bc923f6e8777c9]
[2024-10-07 14:09:13] INFO: Broadcasted sync progress (Orders):
[2024-10-07 14:09:13] INFO: [Starting sync for Order ID: 66bc1b176fa090696b4d3cb5]
[2024-10-07 14:09:13] INFO: Broadcasted sync progress (Orders):
[2024-10-07 14:09:13] INFO: [Starting sync for Order ID: 66bc1ac09b0606665688a4f0]
[2024-10-07 14:09:14] INFO: Broadcasted sync progress (Orders):
[2024-10-07 14:09:14] INFO: [Starting sync for Order ID: 66bc1a67bce5d33e1ec05d6d]
[2024-10-07 14:09:15] INFO: Broadcasted sync progress (Orders):
[2024-10-07 14:09:15] INFO: [Starting sync for Order ID: 66bc19f0c5672877dcec6511]
[2024-10-07 14:09:15] INFO: Broadcasted sync progress (Orders):
[2024-10-07 14:09:15] INFO: [Starting sync for Order ID: 66bc19a19b06065ff088a4cf]
[2024-10-07 14:09:16] INFO: Broadcasted sync progress (Orders):
[2024-10-07 14:09:16] INFO: Broadcasted sync ticket progress:
[2024-10-07 14:09:17] INFO: Broadcasted sync ticket progress:
[2024-10-07 14:09:17] INFO: Broadcasted sync progress:
[2024-10-07 14:09:17] INFO: Broadcasted sync ticket progress:
[2024-10-07 14:09:17] INFO: Broadcasted sync ticket progress:
[2024-10-07 14:09:17] INFO: Broadcasted sync progress:
[2024-10-07 14:09:17] INFO: Broadcasted sync ticket progress:
[2024-10-07 14:09:18] INFO: Broadcasted sync ticket progress:
[2024-10-07 14:09:18] INFO: Broadcasted sync progress:
[2024-10-07 14:09:18] INFO: Broadcasted sync ticket progress:
[2024-10-07 14:09:18] INFO: Broadcasted sync ticket progress:
[2024-10-07 14:09:18] INFO: Broadcasted sync progress:
[2024-10-07 14:09:19] INFO: Broadcasted sync ticket progress:
[2024-10-07 14:09:19] INFO: Broadcasted sync ticket progress:
[2024-10-07 14:09:19] INFO: Broadcasted sync progress:
[2024-10-07 14:09:19] INFO: Broadcasted sync ticket progress:
[2024-10-07 14:09:20] INFO: Broadcasted sync ticket progress:
[2024-10-07 14:09:20] INFO: Broadcasted sync progress:
[2024-10-07 14:09:20] INFO: Broadcasted sync ticket progress:
[2024-10-07 14:09:20] INFO: Broadcasted sync ticket progress:
[2024-10-07 14:09:20] INFO: Broadcasted sync progress:
[2024-10-07 14:09:21] INFO: Broadcasted sync ticket progress:
[2024-10-07 14:09:21] INFO: Broadcasted sync ticket progress:
[2024-10-07 14:09:21] INFO: Broadcasted sync progress:
[2024-10-07 14:09:21] INFO: Broadcasted sync ticket progress:
[2024-10-07 14:09:21] INFO: Broadcasted sync progress:
[2024-10-07 14:09:22] INFO: Broadcasted sync ticket progress:
[2024-10-07 14:09:22] INFO: Broadcasted sync progress:
[2024-10-07 14:09:22] INFO: Broadcasted sync ticket progress:
[2024-10-07 14:09:22] INFO: Broadcasted sync progress:
[2024-10-07 14:09:22] INFO: Broadcasted sync ticket progress:
[2024-10-07 14:09:22] INFO: Broadcasted sync progress:
[2024-10-07 14:09:23] INFO: Broadcasted sync ticket progress:
[2024-10-07 14:09:23] INFO: Broadcasted sync progress:
[2024-10-07 14:09:23] INFO: Broadcasted sync ticket progress:
[2024-10-07 14:09:23] INFO: Broadcasted sync progress:
[2024-10-07 14:09:23] INFO: Broadcasted sync ticket progress:
[2024-10-07 14:09:23] INFO: Broadcasted sync progress:
[2024-10-07 14:09:23] INFO: Broadcasted sync ticket progress:
[2024-10-07 14:09:23] INFO: Broadcasted sync progress:
[2024-10-07 14:09:24] INFO: Broadcasted sync ticket progress:
[2024-10-07 14:09:24] INFO: Broadcasted sync ticket progress:
[2024-10-07 14:09:24] INFO: Broadcasted sync progress:
[2024-10-07 14:09:24] INFO: Broadcasted sync ticket progress:
[2024-10-07 14:09:25] INFO: Broadcasted sync ticket progress:
[2024-10-07 14:09:25] INFO: Broadcasted sync progress:
[2024-10-07 14:09:25] INFO: 
      =============================================
      SYNC PROCESS SUCCESSFUL!
      TOTAL ORDERS SYNCED: 18
      TOTAL TICKETS ADDED: 0
      TOTAL TIME TAKEN: 0 min 20 sec
      =============================================
    
