[2024-10-03 14:42:45] INFO: [Valid Order IDs]:
[2024-10-03 14:42:45] INFO: [Starting sync for Order ID: 66c5f91c83400668a74b54b6]
[2024-10-03 14:42:46] INFO: [Starting sync for Order ID: 66c5f80fc78c9336766bf5b1]
[2024-10-03 14:42:47] INFO: [Starting sync for Order ID: 66c4a2d5a87ec6c9fa9c9995]
[2024-10-03 14:42:47] INFO: [Starting sync for Order ID: 66c49cf328a465095d268ccf]
[2024-10-03 14:42:48] INFO: [Starting sync for Order ID: 66c357926a7436574d78770c]
[2024-10-03 14:42:48] INFO: [Starting sync for Order ID: 66c3571f07d5f69433411b32]
[2024-10-03 14:42:49] INFO: [Starting sync for Order ID: 66c356325478d22b7d2bc98e]
[2024-10-03 14:42:49] INFO: [Starting sync for Order ID: 66c355de22172d7370e20023]
[2024-10-03 14:42:50] INFO: [Starting sync for Order ID: 66bc1cc95c8003630adc039d]
[2024-10-03 14:42:51] INFO: [Starting sync for Order ID: 66bc1c7b32bc9243f28777fa]
[2024-10-03 14:42:51] INFO: [Starting sync for Order ID: 66bc1c32b685d51906b6791a]
[2024-10-03 14:42:52] INFO: [Starting sync for Order ID: 66bc1bf832bc9261bc8777ed]
[2024-10-03 14:42:52] INFO: [Starting sync for Order ID: 66bc1b5e32bc923f6e8777c9]
[2024-10-03 14:42:53] INFO: [Starting sync for Order ID: 66bc1b176fa090696b4d3cb5]
[2024-10-03 14:42:53] INFO: [Starting sync for Order ID: 66bc1ac09b0606665688a4f0]
[2024-10-03 14:42:54] INFO: [Starting sync for Order ID: 66bc1a67bce5d33e1ec05d6d]
[2024-10-03 14:42:55] INFO: [Starting sync for Order ID: 66bc19f0c5672877dcec6511]
[2024-10-03 14:42:55] INFO: [Starting sync for Order ID: 66bc19a19b06065ff088a4cf]
[2024-10-03 14:42:56] INFO: [Inserting missing Regular ticket for order 66c5f91c83400668a74b54b6]
[2024-10-03 14:42:56] INFO: [Inserting missing Regular ticket for order 66c5f91c83400668a74b54b6]
[2024-10-03 14:42:57] INFO: [Inserting missing VIP ticket for order 66c5f91c83400668a74b54b6]
[2024-10-03 14:42:58] INFO: [Inserting missing Regular ticket for order 66c5f80fc78c9336766bf5b1]
[2024-10-03 14:42:58] INFO: [Inserting missing Regular ticket for order 66c5f80fc78c9336766bf5b1]
[2024-10-03 14:42:58] INFO: [Inserting missing VIP ticket for order 66c5f80fc78c9336766bf5b1]
[2024-10-03 14:42:59] INFO: [Inserting missing Team Tickets ticket for order 66c4a2d5a87ec6c9fa9c9995]
[2024-10-03 14:42:59] INFO: [Inserting missing Team Tickets ticket for order 66c4a2d5a87ec6c9fa9c9995]
[2024-10-03 14:43:00] INFO: [Inserting missing VIP ticket for order 66c4a2d5a87ec6c9fa9c9995]
[2024-10-03 14:43:00] INFO: [Inserting missing Team Tickets ticket for order 66c49cf328a465095d268ccf]
[2024-10-03 14:43:01] INFO: [Inserting missing Team Tickets ticket for order 66c49cf328a465095d268ccf]
[2024-10-03 14:43:01] INFO: [Inserting missing Team Tickets ticket for order 66c49cf328a465095d268ccf]
[2024-10-03 14:43:02] INFO: [Inserting missing VIP ticket for order 66c49cf328a465095d268ccf]
[2024-10-03 14:43:02] INFO: [Inserting missing VIP ticket for order 66c49cf328a465095d268ccf]
[2024-10-03 14:43:03] INFO: [Inserting missing Team Tickets ticket for order 66c357926a7436574d78770c]
[2024-10-03 14:43:03] INFO: [Inserting missing Team Tickets ticket for order 66c357926a7436574d78770c]
[2024-10-03 14:43:03] INFO: [Inserting missing Team Tickets ticket for order 66c357926a7436574d78770c]
[2024-10-03 14:43:04] INFO: [Inserting missing VIP ticket for order 66c357926a7436574d78770c]
[2024-10-03 14:43:04] INFO: [Inserting missing VIP ticket for order 66c357926a7436574d78770c]
[2024-10-03 14:43:04] INFO: [Inserting missing VIP ticket for order 66c357926a7436574d78770c]
[2024-10-03 14:43:05] INFO: [Inserting missing Regular ticket for order 66c3571f07d5f69433411b32]
[2024-10-03 14:43:05] INFO: [Inserting missing VIP ticket for order 66c3571f07d5f69433411b32]
[2024-10-03 14:43:06] INFO: [Inserting missing VIP ticket for order 66c3571f07d5f69433411b32]
[2024-10-03 14:43:06] INFO: [Inserting missing Regular ticket for order 66c356325478d22b7d2bc98e]
[2024-10-03 14:43:07] INFO: [Inserting missing VIP ticket for order 66c356325478d22b7d2bc98e]
[2024-10-03 14:43:07] INFO: [Inserting missing Regular ticket for order 66c355de22172d7370e20023]
[2024-10-03 14:43:08] INFO: [Inserting missing Regular ticket for order 66c355de22172d7370e20023]
[2024-10-03 14:43:08] INFO: [Inserting missing Regular ticket for order 66c355de22172d7370e20023]
[2024-10-03 14:43:08] INFO: [Inserting missing Regular ticket for order 66c355de22172d7370e20023]
[2024-10-03 14:43:09] INFO: [Inserting missing VIP ticket for order 66c355de22172d7370e20023]
[2024-10-03 14:43:09] INFO: [Inserting missing VIP ticket for order 66c355de22172d7370e20023]
[2024-10-03 14:43:10] INFO: [Inserting missing VIP ticket for order 66bc1cc95c8003630adc039d]
[2024-10-03 14:43:10] INFO: [Inserting missing VIP ticket for order 66bc1cc95c8003630adc039d]
[2024-10-03 14:43:10] INFO: [Inserting missing VIP ticket for order 66bc1cc95c8003630adc039d]
[2024-10-03 14:43:11] INFO: [Inserting missing VIP ticket for order 66bc1cc95c8003630adc039d]
[2024-10-03 14:43:11] INFO: [Inserting missing VIP ticket for order 66bc1cc95c8003630adc039d]
[2024-10-03 14:43:11] INFO: [Inserting missing VIP ticket for order 66bc1cc95c8003630adc039d]
[2024-10-03 14:43:12] INFO: [Inserting missing Team Tickets ticket for order 66bc1c7b32bc9243f28777fa]
[2024-10-03 14:43:13] INFO: [Inserting missing Regular ticket for order 66bc1c32b685d51906b6791a]
[2024-10-03 14:43:13] INFO: [Inserting missing Regular ticket for order 66bc1c32b685d51906b6791a]
[2024-10-03 14:43:13] INFO: [Inserting missing Regular ticket for order 66bc1c32b685d51906b6791a]
[2024-10-03 14:43:13] INFO: [Inserting missing Regular ticket for order 66bc1c32b685d51906b6791a]
[2024-10-03 14:43:14] INFO: [Inserting missing VIP ticket for order 66bc1bf832bc9261bc8777ed]
[2024-10-03 14:43:15] INFO: [Inserting missing Team Tickets ticket for order 66bc1b5e32bc923f6e8777c9]
[2024-10-03 14:43:15] INFO: [Inserting missing Team Tickets ticket for order 66bc1b5e32bc923f6e8777c9]
[2024-10-03 14:43:15] INFO: [Inserting missing Team Tickets ticket for order 66bc1b5e32bc923f6e8777c9]
[2024-10-03 14:43:15] INFO: [Inserting missing Team Tickets ticket for order 66bc1b5e32bc923f6e8777c9]
[2024-10-03 14:43:16] INFO: [Inserting missing Team Tickets ticket for order 66bc1b5e32bc923f6e8777c9]
[2024-10-03 14:43:16] INFO: [Inserting missing Regular ticket for order 66bc1b176fa090696b4d3cb5]
[2024-10-03 14:43:17] INFO: [Inserting missing Regular ticket for order 66bc1b176fa090696b4d3cb5]
[2024-10-03 14:43:17] INFO: [Inserting missing Regular ticket for order 66bc1b176fa090696b4d3cb5]
[2024-10-03 14:43:17] INFO: [Inserting missing Regular ticket for order 66bc1b176fa090696b4d3cb5]
[2024-10-03 14:43:17] INFO: [Inserting missing Regular ticket for order 66bc1b176fa090696b4d3cb5]
[2024-10-03 14:43:18] INFO: [Inserting missing VIP ticket for order 66bc1ac09b0606665688a4f0]
[2024-10-03 14:43:18] INFO: [Inserting missing VIP ticket for order 66bc1ac09b0606665688a4f0]
[2024-10-03 14:43:19] INFO: [Inserting missing VIP ticket for order 66bc1a67bce5d33e1ec05d6d]
[2024-10-03 14:43:19] INFO: [Inserting missing VIP ticket for order 66bc1a67bce5d33e1ec05d6d]
[2024-10-03 14:43:20] INFO: [Inserting missing VIP ticket for order 66bc1a67bce5d33e1ec05d6d]
[2024-10-03 14:43:20] INFO: [Inserting missing VIP ticket for order 66bc1a67bce5d33e1ec05d6d]
[2024-10-03 14:43:20] INFO: [Inserting missing VIP ticket for order 66bc1a67bce5d33e1ec05d6d]
[2024-10-03 14:43:20] INFO: [Inserting missing VIP ticket for order 66bc1a67bce5d33e1ec05d6d]
[2024-10-03 14:43:21] INFO: [Inserting missing VIP ticket for order 66bc1a67bce5d33e1ec05d6d]
[2024-10-03 14:43:21] INFO: [Inserting missing VIP ticket for order 66bc1a67bce5d33e1ec05d6d]
[2024-10-03 14:43:21] INFO: [Inserting missing VIP ticket for order 66bc1a67bce5d33e1ec05d6d]
[2024-10-03 14:43:22] INFO: [Inserting missing Regular ticket for order 66bc19f0c5672877dcec6511]
[2024-10-03 14:43:22] INFO: [Inserting missing Regular ticket for order 66bc19f0c5672877dcec6511]
[2024-10-03 14:43:23] INFO: [Inserting missing VIP ticket for order 66bc19f0c5672877dcec6511]
[2024-10-03 14:43:23] INFO: [Inserting missing Regular ticket for order 66bc19a19b06065ff088a4cf]
[2024-10-03 14:43:24] INFO: [Inserting missing VIP ticket for order 66bc19a19b06065ff088a4cf]
[2024-10-03 14:43:24] INFO: [Inserting missing VIP ticket for order 66bc19a19b06065ff088a4cf]
[2024-10-03 14:43:25] INFO: 
      =============================================
      SYNC PROCESS SUCCESSFUL!
      TOTAL ORDERS SYNCED: 18
      TOTAL TICKETS ADDED: 70
      TOTAL TIME TAKEN: 0 min 39 sec
      =============================================
    
